Using pre-set license
Built from '2020.3/staging' branch; Version is '2020.3.0f1 (c7b5465681fb) revision 13088070'; Using compiler version '192528614'; Build Type 'Release'
OS: 'Windows 10 Home Single Language; OS build 22000.593; Version 2009; 64bit' Language: 'en' Physical Memory: 8029 MB
BatchMode: 1, IsHumanControllingUs: 0, StartBugReporterOnCrash: 0, Is64bit: 1, IsPro: 0

 COMMAND LINE ARGUMENTS:
D:\Download\Unity Hub\2020.3.0f1\Editor\Unity.exe
-adb2
-batchMode
-noUpm
-name
AssetImportWorker0
-projectPath
D:/LamGame/My project
-logFile
Logs/AssetImportWorker0.log
-srvPort
51684
Successfully changed project path to: D:/LamGame/My project
D:/LamGame/My project
Using Asset Import Pipeline V2.
Refreshing native plugins compatible for Editor in 39.80 ms, found 1 plugins.
Preloading 0 native plugins for Editor in 0.00 ms.
Initialize engine version: 2020.3.0f1 (c7b5465681fb)
[Subsystems] Discovering subsystems at path D:/Download/Unity Hub/2020.3.0f1/Editor/Data/Resources/UnitySubsystems
[Subsystems] Discovering subsystems at path D:/LamGame/My project/Assets
GfxDevice: creating device client; threaded=0
Direct3D:
    Version:  Direct3D 11.0 [level 11.1]
    Renderer: NVIDIA GeForce GTX 1650 Ti (ID=0x1f95)
    Vendor:   
    VRAM:     3962 MB
    Driver:   30.0.15.1169
Initialize mono
Mono path[0] = 'D:/Download/Unity Hub/2020.3.0f1/Editor/Data/Managed'
Mono path[1] = 'D:/Download/Unity Hub/2020.3.0f1/Editor/Data/MonoBleedingEdge/lib/mono/unityjit'
Mono config path = 'D:/Download/Unity Hub/2020.3.0f1/Editor/Data/MonoBleedingEdge/etc'
Using monoOptions --debugger-agent=transport=dt_socket,embedding=1,server=y,suspend=n,address=127.0.0.1:56396
Begin MonoManager ReloadAssembly
Registering precompiled unity dll's ...
Register platform support module: D:/Download/Unity Hub/2020.3.0f1/Editor/Data/PlaybackEngines/WebGLSupport/UnityEditor.WebGL.Extensions.dll
Register platform support module: D:/Download/Unity Hub/2020.3.0f1/Editor/Data/PlaybackEngines/WindowsStandaloneSupport/UnityEditor.WindowsStandalone.Extensions.dll
Registered in 0.000835 seconds.
Native extension for WindowsStandalone target not found
Native extension for WebGL target not found
Refreshing native plugins compatible for Editor in 43.33 ms, found 1 plugins.
Preloading 0 native plugins for Editor in 0.00 ms.
Invoked RoslynAnalysisRunner static constructor.
RoslynAnalysisRunner will not be running.
RoslynAnalysisRunner has terminated.
Mono: successfully reloaded assembly
- Completed reload, in  0.999 seconds
Platform modules already initialized, skipping
Registering precompiled user dll's ...
Registered in 0.000642 seconds.
Begin MonoManager ReloadAssembly
Native extension for WindowsStandalone target not found
Native extension for WebGL target not found
Refreshing native plugins compatible for Editor in 107.76 ms, found 1 plugins.
Preloading 0 native plugins for Editor in 0.00 ms.
Invoked RoslynAnalysisRunner static constructor.
RoslynAnalysisRunner will not be running.
RoslynAnalysisRunner has terminated.
Mono: successfully reloaded assembly
- Completed reload, in  2.559 seconds
Platform modules already initialized, skipping
========================================================================
Worker process is ready to serve import requests
Launched and connected shader compiler UnityShaderCompiler.exe after 0.05 seconds
Refreshing native plugins compatible for Editor in 1.58 ms, found 1 plugins.
Preloading 0 native plugins for Editor in 0.00 ms.
Unloading 1810 Unused Serialized files (Serialized files now loaded: 0)
System memory in use before: 84.6 MB.
System memory in use after: 84.7 MB.

Unloading 19 unused Assets to reduce memory usage. Loaded Objects now: 2258.
Total: 5.395200 ms (FindLiveObjects: 0.772200 ms CreateObjectMapping: 0.334000 ms MarkObjects: 4.122700 ms  DeleteObjects: 0.162800 ms)

========================================================================
Received Import Request.
  path: Assets/showendbackground.cs
  artifactKey: Guid(a2f8542bbdaaf6148ac3bc17204d5499) Importer(815301076,1909f56bfc062723c751e8b465ee728b)
Start importing Assets/showendbackground.cs using Guid(a2f8542bbdaaf6148ac3bc17204d5499) Importer(815301076,1909f56bfc062723c751e8b465ee728b)  -> (artifact id: 'caffd0a4368d1128f6181df6bacd9b7d') in 0.036753 seconds
  Import took 0.043401 seconds .

========================================================================
Received Prepare
Registering precompiled user dll's ...
Registered in 0.000740 seconds.
Begin MonoManager ReloadAssembly
Native extension for WindowsStandalone target not found
Native extension for WebGL target not found
Refreshing native plugins compatible for Editor in 0.35 ms, found 1 plugins.
Preloading 0 native plugins for Editor in 0.00 ms.
Invoked RoslynAnalysisRunner static constructor.
RoslynAnalysisRunner will not be running.
RoslynAnalysisRunner has terminated.
Mono: successfully reloaded assembly
- Completed reload, in  1.224 seconds
Platform modules already initialized, skipping
Refreshing native plugins compatible for Editor in 0.76 ms, found 1 plugins.
Preloading 0 native plugins for Editor in 0.00 ms.
Unloading 1800 Unused Serialized files (Serialized files now loaded: 0)
System memory in use before: 84.2 MB.
System memory in use after: 84.3 MB.

Unloading 7 unused Assets to reduce memory usage. Loaded Objects now: 2262.
Total: 4.415100 ms (FindLiveObjects: 0.511800 ms CreateObjectMapping: 0.220600 ms MarkObjects: 3.646300 ms  DeleteObjects: 0.034500 ms)

========================================================================
Received Import Request.
  Time since last request: 474.084317 seconds.
  path: Assets/fuelFill.cs
  artifactKey: Guid(b855f16a6358e684998ebfc92632b4c2) Importer(815301076,1909f56bfc062723c751e8b465ee728b)
Start importing Assets/fuelFill.cs using Guid(b855f16a6358e684998ebfc92632b4c2) Importer(815301076,1909f56bfc062723c751e8b465ee728b)  -> (artifact id: '92642070c698ec6a824cc86c689b1765') in 0.006463 seconds
  Import took 0.048044 seconds .

========================================================================
Received Prepare
Registering precompiled user dll's ...
Registered in 0.001017 seconds.
Begin MonoManager ReloadAssembly
Native extension for WindowsStandalone target not found
Native extension for WebGL target not found
Refreshing native plugins compatible for Editor in 0.41 ms, found 1 plugins.
Preloading 0 native plugins for Editor in 0.00 ms.
Invoked RoslynAnalysisRunner static constructor.
RoslynAnalysisRunner will not be running.
RoslynAnalysisRunner has terminated.
Mono: successfully reloaded assembly
- Completed reload, in  0.812 seconds
Platform modules already initialized, skipping
Refreshing native plugins compatible for Editor in 0.36 ms, found 1 plugins.
Preloading 0 native plugins for Editor in 0.00 ms.
Unloading 1801 Unused Serialized files (Serialized files now loaded: 0)
System memory in use before: 84.3 MB.
System memory in use after: 84.4 MB.

Unloading 7 unused Assets to reduce memory usage. Loaded Objects now: 2267.
Total: 1.771900 ms (FindLiveObjects: 0.222300 ms CreateObjectMapping: 0.064200 ms MarkObjects: 1.469000 ms  DeleteObjects: 0.015300 ms)

========================================================================
Received Import Request.
  Time since last request: 829.729879 seconds.
  path: Assets/gameController.cs
  artifactKey: Guid(aba418d20f4276e44b1186fb3bce337c) Importer(815301076,1909f56bfc062723c751e8b465ee728b)
Start importing Assets/gameController.cs using Guid(aba418d20f4276e44b1186fb3bce337c) Importer(815301076,1909f56bfc062723c751e8b465ee728b)  -> (artifact id: '7a8f0ce8111b530ff72d999338333bdb') in 0.006533 seconds
  Import took 0.012928 seconds .

========================================================================
Received Prepare
Registering precompiled user dll's ...
Registered in 0.000816 seconds.
Begin MonoManager ReloadAssembly
Native extension for WindowsStandalone target not found
Native extension for WebGL target not found
Refreshing native plugins compatible for Editor in 0.37 ms, found 1 plugins.
Preloading 0 native plugins for Editor in 0.00 ms.
Invoked RoslynAnalysisRunner static constructor.
RoslynAnalysisRunner will not be running.
RoslynAnalysisRunner has terminated.
Mono: successfully reloaded assembly
- Completed reload, in  0.771 seconds
Platform modules already initialized, skipping
Refreshing native plugins compatible for Editor in 0.37 ms, found 1 plugins.
Preloading 0 native plugins for Editor in 0.00 ms.
Unloading 1800 Unused Serialized files (Serialized files now loaded: 0)
System memory in use before: 84.3 MB.
System memory in use after: 84.4 MB.

Unloading 8 unused Assets to reduce memory usage. Loaded Objects now: 2270.
Total: 2.325100 ms (FindLiveObjects: 0.506800 ms CreateObjectMapping: 0.086300 ms MarkObjects: 1.712200 ms  DeleteObjects: 0.016500 ms)

========================================================================
Received Import Request.
  Time since last request: 6.500542 seconds.
  path: Assets/showendbackground.cs
  artifactKey: Guid(a2f8542bbdaaf6148ac3bc17204d5499) Importer(815301076,1909f56bfc062723c751e8b465ee728b)
Start importing Assets/showendbackground.cs using Guid(a2f8542bbdaaf6148ac3bc17204d5499) Importer(815301076,1909f56bfc062723c751e8b465ee728b)  -> (artifact id: '40714862057f2a7735e69b6138c229b8') in 0.003612 seconds
  Import took 0.007375 seconds .

========================================================================
Received Import Request.
  Time since last request: 98.078211 seconds.
  path: Assets/follow.cs
  artifactKey: Guid(77a5652407a08924fa058dce96f3f58f) Importer(815301076,1909f56bfc062723c751e8b465ee728b)
Start importing Assets/follow.cs using Guid(77a5652407a08924fa058dce96f3f58f) Importer(815301076,1909f56bfc062723c751e8b465ee728b)  -> (artifact id: '809ace7a57ccf1b227ca23fd006bb8ec') in 0.002110 seconds
  Import took 0.009952 seconds .

========================================================================
Received Import Request.
  Time since last request: 0.000394 seconds.
  path: Assets/follow.cs
  artifactKey: Guid(77a5652407a08924fa058dce96f3f58f) Importer(815301076,1909f56bfc062723c751e8b465ee728b)
Start importing Assets/follow.cs using Guid(77a5652407a08924fa058dce96f3f58f) Importer(815301076,1909f56bfc062723c751e8b465ee728b)  -> (artifact id: '809ace7a57ccf1b227ca23fd006bb8ec') in 0.001552 seconds
  Import took 0.004878 seconds .

========================================================================
Received Prepare
Registering precompiled user dll's ...
Registered in 0.001091 seconds.
Begin MonoManager ReloadAssembly
Native extension for WindowsStandalone target not found
Native extension for WebGL target not found
Refreshing native plugins compatible for Editor in 0.36 ms, found 1 plugins.
Preloading 0 native plugins for Editor in 0.00 ms.
Invoked RoslynAnalysisRunner static constructor.
RoslynAnalysisRunner will not be running.
RoslynAnalysisRunner has terminated.
Mono: successfully reloaded assembly
- Completed reload, in  0.748 seconds
Platform modules already initialized, skipping
Refreshing native plugins compatible for Editor in 0.48 ms, found 1 plugins.
Preloading 0 native plugins for Editor in 0.00 ms.
Unloading 1799 Unused Serialized files (Serialized files now loaded: 0)
System memory in use before: 84.3 MB.
System memory in use after: 84.4 MB.

Unloading 8 unused Assets to reduce memory usage. Loaded Objects now: 2273.
Total: 2.185600 ms (FindLiveObjects: 0.294400 ms CreateObjectMapping: 0.109700 ms MarkObjects: 1.760300 ms  DeleteObjects: 0.020100 ms)

========================================================================
Received Prepare
Registering precompiled user dll's ...
Registered in 0.001107 seconds.
Begin MonoManager ReloadAssembly
Native extension for WindowsStandalone target not found
Native extension for WebGL target not found
Refreshing native plugins compatible for Editor in 0.56 ms, found 1 plugins.
Preloading 0 native plugins for Editor in 0.00 ms.
Invoked RoslynAnalysisRunner static constructor.
RoslynAnalysisRunner will not be running.
RoslynAnalysisRunner has terminated.
Mono: successfully reloaded assembly
- Completed reload, in  1.107 seconds
Platform modules already initialized, skipping
Refreshing native plugins compatible for Editor in 0.71 ms, found 1 plugins.
Preloading 0 native plugins for Editor in 0.00 ms.
Unloading 1799 Unused Serialized files (Serialized files now loaded: 0)
System memory in use before: 84.3 MB.
System memory in use after: 84.4 MB.

Unloading 7 unused Assets to reduce memory usage. Loaded Objects now: 2277.
Total: 2.041400 ms (FindLiveObjects: 0.274000 ms CreateObjectMapping: 0.070300 ms MarkObjects: 1.666900 ms  DeleteObjects: 0.028900 ms)

========================================================================
Received Prepare
Registering precompiled user dll's ...
Registered in 0.000731 seconds.
Begin MonoManager ReloadAssembly
Native extension for WindowsStandalone target not found
Native extension for WebGL target not found
Refreshing native plugins compatible for Editor in 0.41 ms, found 1 plugins.
Preloading 0 native plugins for Editor in 0.00 ms.
Invoked RoslynAnalysisRunner static constructor.
RoslynAnalysisRunner will not be running.
RoslynAnalysisRunner has terminated.
Mono: successfully reloaded assembly
- Completed reload, in  0.769 seconds
Platform modules already initialized, skipping
Refreshing native plugins compatible for Editor in 0.42 ms, found 1 plugins.
Preloading 0 native plugins for Editor in 0.00 ms.
Unloading 1799 Unused Serialized files (Serialized files now loaded: 0)
System memory in use before: 84.3 MB.
System memory in use after: 84.4 MB.

Unloading 7 unused Assets to reduce memory usage. Loaded Objects now: 2281.
Total: 2.267700 ms (FindLiveObjects: 0.355700 ms CreateObjectMapping: 0.123800 ms MarkObjects: 1.768600 ms  DeleteObjects: 0.017600 ms)

========================================================================
Received Prepare
Registering precompiled user dll's ...
Registered in 0.000790 seconds.
Begin MonoManager ReloadAssembly
Native extension for WindowsStandalone target not found
Native extension for WebGL target not found
Refreshing native plugins compatible for Editor in 0.35 ms, found 1 plugins.
Preloading 0 native plugins for Editor in 0.00 ms.
Invoked RoslynAnalysisRunner static constructor.
RoslynAnalysisRunner will not be running.
RoslynAnalysisRunner has terminated.
Mono: successfully reloaded assembly
- Completed reload, in  0.721 seconds
Platform modules already initialized, skipping
Refreshing native plugins compatible for Editor in 0.35 ms, found 1 plugins.
Preloading 0 native plugins for Editor in 0.00 ms.
Unloading 1799 Unused Serialized files (Serialized files now loaded: 0)
System memory in use before: 84.3 MB.
System memory in use after: 84.4 MB.

Unloading 7 unused Assets to reduce memory usage. Loaded Objects now: 2285.
Total: 1.708200 ms (FindLiveObjects: 0.208300 ms CreateObjectMapping: 0.069900 ms MarkObjects: 1.413600 ms  DeleteObjects: 0.015300 ms)

========================================================================
Received Prepare
Registering precompiled user dll's ...
Registered in 0.001650 seconds.
Begin MonoManager ReloadAssembly
Native extension for WindowsStandalone target not found
Native extension for WebGL target not found
Refreshing native plugins compatible for Editor in 1.25 ms, found 1 plugins.
Preloading 0 native plugins for Editor in 0.00 ms.
Invoked RoslynAnalysisRunner static constructor.
RoslynAnalysisRunner will not be running.
RoslynAnalysisRunner has terminated.
Mono: successfully reloaded assembly
- Completed reload, in  0.846 seconds
Platform modules already initialized, skipping
Refreshing native plugins compatible for Editor in 0.57 ms, found 1 plugins.
Preloading 0 native plugins for Editor in 0.00 ms.
Unloading 1800 Unused Serialized files (Serialized files now loaded: 0)
System memory in use before: 84.3 MB.
System memory in use after: 84.5 MB.

Unloading 7 unused Assets to reduce memory usage. Loaded Objects now: 2290.
Total: 3.806900 ms (FindLiveObjects: 0.557200 ms CreateObjectMapping: 0.222800 ms MarkObjects: 2.995600 ms  DeleteObjects: 0.028900 ms)

========================================================================
Received Import Request.
  Time since last request: 2187.796189 seconds.
  path: Assets/dapdau.cs
  artifactKey: Guid(9305da91d094e824189c515c5177e3ff) Importer(815301076,1909f56bfc062723c751e8b465ee728b)
Start importing Assets/dapdau.cs using Guid(9305da91d094e824189c515c5177e3ff) Importer(815301076,1909f56bfc062723c751e8b465ee728b)  -> (artifact id: '8ded30a7d41c7a80b1d0c62536410664') in 0.003742 seconds
  Import took 0.017609 seconds .

========================================================================
Received Prepare
Registering precompiled user dll's ...
Registered in 0.000840 seconds.
Begin MonoManager ReloadAssembly
Native extension for WindowsStandalone target not found
Native extension for WebGL target not found
Refreshing native plugins compatible for Editor in 0.54 ms, found 1 plugins.
Preloading 0 native plugins for Editor in 0.00 ms.
Invoked RoslynAnalysisRunner static constructor.
RoslynAnalysisRunner will not be running.
RoslynAnalysisRunner has terminated.
Mono: successfully reloaded assembly
- Completed reload, in  0.696 seconds
Platform modules already initialized, skipping
Refreshing native plugins compatible for Editor in 0.47 ms, found 1 plugins.
Preloading 0 native plugins for Editor in 0.00 ms.
Unloading 1800 Unused Serialized files (Serialized files now loaded: 0)
System memory in use before: 84.3 MB.
System memory in use after: 84.5 MB.

Unloading 7 unused Assets to reduce memory usage. Loaded Objects now: 2294.
Total: 3.955400 ms (FindLiveObjects: 0.406800 ms CreateObjectMapping: 0.209600 ms MarkObjects: 3.309000 ms  DeleteObjects: 0.026900 ms)

========================================================================
Received Import Request.
  Time since last request: 143.461670 seconds.
  path: Assets/dapdau.cs
  artifactKey: Guid(9305da91d094e824189c515c5177e3ff) Importer(815301076,1909f56bfc062723c751e8b465ee728b)
Start importing Assets/dapdau.cs using Guid(9305da91d094e824189c515c5177e3ff) Importer(815301076,1909f56bfc062723c751e8b465ee728b)  -> (artifact id: 'df8c15483d697453147c4fb6bab4aae6') in 0.004383 seconds
  Import took 0.008891 seconds .

========================================================================
Received Import Request.
  Time since last request: 0.013186 seconds.
  path: Assets/dapdau.cs
  artifactKey: Guid(9305da91d094e824189c515c5177e3ff) Importer(815301076,1909f56bfc062723c751e8b465ee728b)
Start importing Assets/dapdau.cs using Guid(9305da91d094e824189c515c5177e3ff) Importer(815301076,1909f56bfc062723c751e8b465ee728b)  -> (artifact id: 'df8c15483d697453147c4fb6bab4aae6') in 0.001992 seconds
  Import took 0.006429 seconds .

AssetImportWorkerClient::OnTransportError - code=2 error=End of file
